#-----------------------------------------------------------
# Vivado v2021.1 (64-bit)
# SW Build 3247384 on Thu Jun 10 19:36:33 MDT 2021
# IP Build 3246043 on Fri Jun 11 00:30:35 MDT 2021
# Start of session at: Thu Dec  9 17:16:25 2021
# Process ID: 9768
# Current directory: C:/Users/judit/OneDrive/Escritorio/cosas varias john/Trabajo_SED/Vending_Machine_SED_VHDL
# Command line: vivado.exe -gui_launcher_event rodinguilauncherevent2468 C:\Users\judit\OneDrive\Escritorio\cosas varias john\Trabajo_SED\Vending_Machine_SED_VHDL\Vending_Machine_SED_VHDL.xpr
# Log file: C:/Users/judit/OneDrive/Escritorio/cosas varias john/Trabajo_SED/Vending_Machine_SED_VHDL/vivado.log
# Journal file: C:/Users/judit/OneDrive/Escritorio/cosas varias john/Trabajo_SED/Vending_Machine_SED_VHDL\vivado.jou
#-----------------------------------------------------------
start_gui
open_project {C:/Users/judit/OneDrive/Escritorio/cosas varias john/Trabajo_SED/Vending_Machine_SED_VHDL/Vending_Machine_SED_VHDL.xpr}
INFO: [ProjectBase 1-489] The host OS only allows 260 characters in a normal path. The project is stored in a path with more than 80 characters. If you experience issues with IP, Block Designs, or files not being found, please consider moving the project to a location with a shorter path. Alternately consider using the OS subst command to map part of the path to a drive letter.
Current project path is 'C:/Users/judit/OneDrive/Escritorio/cosas varias john/Trabajo_SED/Vending_Machine_SED_VHDL'
INFO: [Project 1-313] Project file moved from 'C:/Users/judit/OneDrive/Escritorio/cosas varias john/Vending_Machine_SED_VHDL' since last save.
WARNING: [filemgmt 56-2] Default IP Output Path : Could not find the directory 'C:/Users/judit/OneDrive/Escritorio/cosas varias john/Trabajo_SED/Vending_Machine_SED_VHDL/Vending_Machine_SED_VHDL.gen/sources_1', nor could it be found using path 'C:/Users/judit/OneDrive/Escritorio/cosas varias john/Vending_Machine_SED_VHDL/Vending_Machine_SED_VHDL.gen/sources_1'.
Scanning sources...
Finished scanning sources
INFO: [IP_Flow 19-234] Refreshing IP repositories
INFO: [IP_Flow 19-1704] No user IP repositories specified
INFO: [IP_Flow 19-2313] Loaded Vivado IP repository 'C:/Xilinx/Vivado/2021.1/data/ip'.
open_project: Time (s): cpu = 00:00:24 ; elapsed = 00:00:09 . Memory (MB): peak = 1137.688 ; gain = 0.000
update_compile_order -fileset sources_1
